[debug] > Exec(early(addDefaultCommands), None, None)
[debug] > Exec(addDefaultCommands, None, None)
[debug] > Exec(early(initialize), None, None)
[debug] > Exec(initialize, None, None)
[debug] > Exec(boot, None, None)
[debug] > Exec(writeSbtVersion, None, None)
[debug] > Exec(reload, None, None)
[debug] > Exec(sbtStashOnFailure, None, None)
[debug] > Exec(onFailure loadFailed, None, None)
[debug] > Exec(loadp, None, None)
[info] welcome to sbt 1.7.2 (Oracle Corporation Java 17.0.10)
[debug] Load.defaultLoad until apply took 92.263708ms
[debug]           Load.loadUnit: plugins took 76.820571ms
[debug]           Load.loadUnit: defsScala took 0.288144ms
[debug] [Loading] Scanning directory /home/santi-mendez/Documents/utn/TADP/grupo5-2024-2c/scala/project
[debug] [Loading] Found non-root projects 
[debug] [Loading] Done in /home/santi-mendez/Documents/utn/TADP/grupo5-2024-2c/scala/project, returning: ()
[debug] deducing auto plugins based on known facts Set(Atom(sbt.plugins.CorePlugin)) and clauses Clauses(Clause(Atom(sbt.plugins.JvmPlugin),Set(Atom(sbt.plugins.IvyPlugin)))
[debug] Clause(Atom(sbt.ScriptedPlugin),Set(Atom(sbt.plugins.JvmPlugin)))
[debug] Clause(Atom(sbt.plugins.SbtPlugin),Set(Atom(sbt.ScriptedPlugin)))
[debug] Clause(Atom(sbt.plugins.SemanticdbPlugin),Set(Atom(sbt.plugins.JvmPlugin)))
[debug] Clause(Atom(sbt.plugins.JUnitXmlReportPlugin),Set(Atom(sbt.plugins.JvmPlugin)))
[debug] Clause(Atom(sbt.plugins.MiniDependencyTreePlugin),Set(Atom(sbt.plugins.JvmPlugin)))
[debug] Clause(Atom(sbt.plugins.CorePlugin),Set(Atom(sbt.plugins.IvyPlugin)))
[debug] Clause(Atom(sbt.plugins.IvyPlugin),Set(Atom(sbt.plugins.JvmPlugin)))
[debug] Clause(Atom(sbt.plugins.JvmPlugin),Set(Atom(sbt.plugins.SemanticdbPlugin)))
[debug] Clause(Atom(sbt.plugins.JvmPlugin),Set(Atom(sbt.plugins.JUnitXmlReportPlugin)))
[debug] Clause(Atom(sbt.plugins.CorePlugin),Set(Atom(sbt.plugins.Giter8TemplatePlugin)))
[debug] Clause(Atom(sbt.plugins.JvmPlugin),Set(Atom(sbt.plugins.MiniDependencyTreePlugin))))
[debug]   :: deduced result: Matched(sbt.plugins.CorePlugin,sbt.plugins.Giter8TemplatePlugin,sbt.plugins.IvyPlugin,sbt.plugins.JvmPlugin,sbt.plugins.MiniDependencyTreePlugin,sbt.plugins.JUnitXmlReportPlugin,sbt.plugins.SemanticdbPlugin)
[debug] Plugins.deducer#function took 21.217774 ms
[debug]               Load.resolveProject(scala-build) took 54.443377ms
[debug]             Load.loadTransitive: finalizeProject(Project(id scala-build, base: /home/santi-mendez/Documents/utn/TADP/grupo5-2024-2c/scala/project, plugins: List(<none>))) took 96.158855ms
[debug] [Loading] Done in /home/santi-mendez/Documents/utn/TADP/grupo5-2024-2c/scala/project, returning: (scala-build)
[debug]           Load.loadUnit: loadedProjectsRaw took 125.097411ms
[debug]           Load.loadUnit: cleanEvalClasses took 0.205147ms
[debug]         Load.loadUnit(file:/home/santi-mendez/Documents/utn/TADP/grupo5-2024-2c/scala/project/, ...) took 208.689982ms
[debug]       Load.apply: load took 399.701173ms
[debug]       Load.apply: resolveProjects took 8.372734ms
[debug]       Load.apply: finalTransforms took 72.731588ms
[debug]       Load.apply: config.delegates took 8.161495ms
[debug]       Load.apply: Def.make(settings)... took 348.362731ms
[debug]       Load.apply: structureIndex took 100.536563ms
[debug]       Load.apply: mkStreams took 1.274457ms
[info] loading project definition from /home/santi-mendez/Documents/utn/TADP/grupo5-2024-2c/scala/project
[debug] Running task... Cancel: Signal, check cycles: false, forcegc: true
[debug]     Load.loadUnit: plugins took 2603.797614ms
[debug]     Load.loadUnit: defsScala took 0.012614ms
[debug] [Loading] Scanning directory /home/santi-mendez/Documents/utn/TADP/grupo5-2024-2c/scala
[debug]       Load.loadUnit: mkEval took 4.618352ms
[debug] [Loading] Found non-root projects 
[debug] [Loading] Done in /home/santi-mendez/Documents/utn/TADP/grupo5-2024-2c/scala, returning: ()
[debug] deducing auto plugins based on known facts Set(Atom(sbt.plugins.CorePlugin)) and clauses Clauses(Clause(Atom(sbt.plugins.JvmPlugin),Set(Atom(sbt.plugins.IvyPlugin)))
[debug] Clause(Atom(sbt.ScriptedPlugin),Set(Atom(sbt.plugins.JvmPlugin)))
[debug] Clause(Atom(sbt.plugins.SbtPlugin),Set(Atom(sbt.ScriptedPlugin)))
[debug] Clause(Atom(sbt.plugins.SemanticdbPlugin),Set(Atom(sbt.plugins.JvmPlugin)))
[debug] Clause(Atom(sbt.plugins.JUnitXmlReportPlugin),Set(Atom(sbt.plugins.JvmPlugin)))
[debug] Clause(Atom(sbt.plugins.MiniDependencyTreePlugin),Set(Atom(sbt.plugins.JvmPlugin)))
[debug] Clause(Atom(sbt.plugins.CorePlugin),Set(Atom(sbt.plugins.IvyPlugin)))
[debug] Clause(Atom(sbt.plugins.IvyPlugin),Set(Atom(sbt.plugins.JvmPlugin)))
[debug] Clause(Atom(sbt.plugins.JvmPlugin),Set(Atom(sbt.plugins.SemanticdbPlugin)))
[debug] Clause(Atom(sbt.plugins.JvmPlugin),Set(Atom(sbt.plugins.JUnitXmlReportPlugin)))
[debug] Clause(Atom(sbt.plugins.CorePlugin),Set(Atom(sbt.plugins.Giter8TemplatePlugin)))
[debug] Clause(Atom(sbt.plugins.JvmPlugin),Set(Atom(sbt.plugins.MiniDependencyTreePlugin))))
[debug]   :: deduced result: Matched(sbt.plugins.CorePlugin,sbt.plugins.Giter8TemplatePlugin,sbt.plugins.IvyPlugin,sbt.plugins.JvmPlugin,sbt.plugins.MiniDependencyTreePlugin,sbt.plugins.JUnitXmlReportPlugin,sbt.plugins.SemanticdbPlugin)
[debug] Plugins.deducer#function took 1.758311 ms
[info] loading settings for project scala from build.sbt ...
[debug]         Load.resolveProject(scala) took 2.370487ms
[debug]       Load.loadTransitive: finalizeProject(Project(id scala, base: /home/santi-mendez/Documents/utn/TADP/grupo5-2024-2c/scala, plugins: List(<none>))) took 4.727719ms
[debug] [Loading] Done in /home/santi-mendez/Documents/utn/TADP/grupo5-2024-2c/scala, returning: (scala)
[debug]     Load.loadUnit: loadedProjectsRaw took 2847.61309ms
[debug]     Load.loadUnit: cleanEvalClasses took 3.965279ms
[debug]   Load.loadUnit(file:/home/santi-mendez/Documents/utn/TADP/grupo5-2024-2c/scala/, ...) took 5457.088066ms
[debug] Load.apply: load took 5477.646134ms
[debug] Load.apply: resolveProjects took 0.151306ms
[debug] Load.apply: finalTransforms took 16.039303ms
[debug] Load.apply: config.delegates took 0.392752ms
[debug] Load.apply: Def.make(settings)... took 130.315026ms
[debug] Load.apply: structureIndex took 34.051372ms
[debug] Load.apply: mkStreams took 0.004368ms
[info] set current project to scala (in build file:/home/santi-mendez/Documents/utn/TADP/grupo5-2024-2c/scala/)
[debug] > Exec(sbtPopOnFailure, None, None)
[debug] > Exec(resumeFromFailure, None, None)
[debug] > Exec(notifyUsersAboutShell, None, None)
[debug] > Exec(iflast shell, None, None)
[debug] > Exec(shell, None, None)
[info] sbt server started at local:///home/santi-mendez/.sbt/1.0/server/919d8577ee2cc52aa79f/sock
[debug] Writing bsp connection file
[info] started sbt server
[info] shutting down sbt server
